Using pre-set license
Built from '2020.3/release' branch; Version is '2020.3.2f1 (8fd9074bf66c) revision 9427207'; Using compiler version '192528614'; Build Type 'Release'
OS: 'Windows 10 Home; OS build 19043.1165; Version 2009; 64bit' Language: 'es' Physical Memory: 16340 MB
BatchMode: 1, IsHumanControllingUs: 0, StartBugReporterOnCrash: 0, Is64bit: 1, IsPro: 0

 COMMAND LINE ARGUMENTS:
C:\Program Files\Unity\Hub\Editor\2020.3.2f1\Editor\Unity.exe
-adb2
-batchMode
-noUpm
-name
AssetImportWorker0
-projectPath
C:/Users/nacho/Desktop/ShaderTEST
-logFile
Logs/AssetImportWorker0.log
-srvPort
58651
Successfully changed project path to: C:/Users/nacho/Desktop/ShaderTEST
C:/Users/nacho/Desktop/ShaderTEST
Using Asset Import Pipeline V2.
Refreshing native plugins compatible for Editor in 43.93 ms, found 0 plugins.
Preloading 0 native plugins for Editor in 0.00 ms.
Initialize engine version: 2020.3.2f1 (8fd9074bf66c)
[Subsystems] Discovering subsystems at path C:/Program Files/Unity/Hub/Editor/2020.3.2f1/Editor/Data/Resources/UnitySubsystems
[Subsystems] Discovering subsystems at path C:/Users/nacho/Desktop/ShaderTEST/Assets
GfxDevice: creating device client; threaded=0
Direct3D:
    Version:  Direct3D 11.0 [level 11.1]
    Renderer: NVIDIA GeForce RTX 2080 (ID=0x1e87)
    Vendor:   
    VRAM:     8010 MB
    Driver:   30.0.14.7111
Initialize mono
Mono path[0] = 'C:/Program Files/Unity/Hub/Editor/2020.3.2f1/Editor/Data/Managed'
Mono path[1] = 'C:/Program Files/Unity/Hub/Editor/2020.3.2f1/Editor/Data/MonoBleedingEdge/lib/mono/unityjit'
Mono config path = 'C:/Program Files/Unity/Hub/Editor/2020.3.2f1/Editor/Data/MonoBleedingEdge/etc'
Using monoOptions --debugger-agent=transport=dt_socket,embedding=1,server=y,suspend=n,address=127.0.0.1:56828
Begin MonoManager ReloadAssembly
Registering precompiled unity dll's ...
Register platform support module: C:/Program Files/Unity/Hub/Editor/2020.3.2f1/Editor/Data/PlaybackEngines/WindowsStandaloneSupport/UnityEditor.WindowsStandalone.Extensions.dll
Registered in 0.001860 seconds.
Native extension for WindowsStandalone target not found
Refreshing native plugins compatible for Editor in 42.13 ms, found 0 plugins.
Preloading 0 native plugins for Editor in 0.00 ms.
Invoked RoslynAnalysisRunner static constructor.
RoslynAnalysisRunner will not be running.
RoslynAnalysisRunner has terminated.
Mono: successfully reloaded assembly
- Completed reload, in  1.091 seconds
Platform modules already initialized, skipping
Registering precompiled user dll's ...
Registered in 0.001302 seconds.
Begin MonoManager ReloadAssembly
Native extension for WindowsStandalone target not found
Refreshing native plugins compatible for Editor in 44.81 ms, found 0 plugins.
Preloading 0 native plugins for Editor in 0.00 ms.
Invoked RoslynAnalysisRunner static constructor.
RoslynAnalysisRunner will not be running.
RoslynAnalysisRunner has terminated.
Mono: successfully reloaded assembly
- Completed reload, in  0.942 seconds
Platform modules already initialized, skipping
========================================================================
Worker process is ready to serve import requests
Shader 'Universal Render Pipeline/Particles/Lit': fallback shader 'Universal Render Pipeline/Particles/SimpleLit' not found
Shader 'Universal Render Pipeline/Particles/Lit': fallback shader 'Universal Render Pipeline/Particles/SimpleLit' not found
Launched and connected shader compiler UnityShaderCompiler.exe after 0.05 seconds
Refreshing native plugins compatible for Editor in 0.61 ms, found 0 plugins.
Preloading 0 native plugins for Editor in 0.00 ms.
Unloading 2422 Unused Serialized files (Serialized files now loaded: 0)
System memory in use before: 114.8 MB.
System memory in use after: 112.1 MB.

Unloading 43 unused Assets to reduce memory usage. Loaded Objects now: 2833.
Total: 3.420900 ms (FindLiveObjects: 0.265100 ms CreateObjectMapping: 0.112300 ms MarkObjects: 1.502800 ms  DeleteObjects: 1.539400 ms)

========================================================================
Received Import Request.
  path: Assets/MaterialTEST1.mat
  artifactKey: Guid(9a63bb78a53cbc1429a047984b35c7ec) Importer(815301076,1909f56bfc062723c751e8b465ee728b)
Start importing Assets/MaterialTEST1.mat using Guid(9a63bb78a53cbc1429a047984b35c7ec) Importer(815301076,1909f56bfc062723c751e8b465ee728b)  -> (artifact id: '118615562bb76afbdac7ac58ffe69b9b') in 0.724914 seconds
  Import took 0.729379 seconds .

========================================================================
Received Import Request.
  Time since last request: 141.943071 seconds.
  path: Assets/MaterialTEST1.mat
  artifactKey: Guid(24aca190f646f4540af8d60a57119b3b) Importer(815301076,1909f56bfc062723c751e8b465ee728b)
Start importing Assets/MaterialTEST1.mat using Guid(24aca190f646f4540af8d60a57119b3b) Importer(815301076,1909f56bfc062723c751e8b465ee728b)  -> (artifact id: '4b38a0ba65ac730541946933165a53f0') in 0.019905 seconds
  Import took 0.024660 seconds .

========================================================================
Received Import Request.
  Time since last request: 0.000247 seconds.
  path: Assets/MaterialTEST2.mat
  artifactKey: Guid(9a63bb78a53cbc1429a047984b35c7ec) Importer(815301076,1909f56bfc062723c751e8b465ee728b)
Start importing Assets/MaterialTEST2.mat using Guid(9a63bb78a53cbc1429a047984b35c7ec) Importer(815301076,1909f56bfc062723c751e8b465ee728b)  -> (artifact id: '5cb2e66adf7e52376a11773866b8a6b2') in 0.013892 seconds
  Import took 0.019611 seconds .

========================================================================
Received Import Request.
  Time since last request: 116.773221 seconds.
  path: Assets/MaterialTEST3.mat
  artifactKey: Guid(a8c64deb9f48a2644a7cf76a2bfaa2ee) Importer(815301076,1909f56bfc062723c751e8b465ee728b)
Start importing Assets/MaterialTEST3.mat using Guid(a8c64deb9f48a2644a7cf76a2bfaa2ee) Importer(815301076,1909f56bfc062723c751e8b465ee728b)  -> (artifact id: 'b86336141736471ceacb41e9c904213b') in 0.013653 seconds
  Import took 0.018660 seconds .

========================================================================
Received Prepare
Shader 'Universal Render Pipeline/Particles/Lit': fallback shader 'Universal Render Pipeline/Particles/SimpleLit' not found
Shader 'Universal Render Pipeline/Particles/Lit': fallback shader 'Universal Render Pipeline/Particles/SimpleLit' not found
Refreshing native plugins compatible for Editor in 1.09 ms, found 0 plugins.
Preloading 0 native plugins for Editor in 0.00 ms.
Unloading 36 Unused Serialized files (Serialized files now loaded: 0)
System memory in use before: 69.9 MB.
System memory in use after: 67.2 MB.

Unloading 36 unused Assets to reduce memory usage. Loaded Objects now: 2938.
Total: 4.573600 ms (FindLiveObjects: 0.331400 ms CreateObjectMapping: 0.145000 ms MarkObjects: 2.766700 ms  DeleteObjects: 1.328400 ms)

========================================================================
Received Prepare
Registering precompiled user dll's ...
Registered in 0.001321 seconds.
Begin MonoManager ReloadAssembly
Native extension for WindowsStandalone target not found
Refreshing native plugins compatible for Editor in 0.43 ms, found 0 plugins.
Preloading 0 native plugins for Editor in 0.00 ms.
Invoked RoslynAnalysisRunner static constructor.
RoslynAnalysisRunner will not be running.
RoslynAnalysisRunner has terminated.
Mono: successfully reloaded assembly
- Completed reload, in  0.896 seconds
Platform modules already initialized, skipping
Switching build target platform(5) subTarget(0) extendedPlatform(0) -> platform(13) subTarget(537395200) extendedPlatform(0)
Shader 'Universal Render Pipeline/Particles/Lit': fallback shader 'Universal Render Pipeline/Particles/SimpleLit' not found
Shader 'Universal Render Pipeline/Particles/Lit': fallback shader 'Universal Render Pipeline/Particles/SimpleLit' not found
Refreshing native plugins compatible for Editor in 0.50 ms, found 0 plugins.
Preloading 0 native plugins for Editor in 0.00 ms.
Unloading 2348 Unused Serialized files (Serialized files now loaded: 0)
System memory in use before: 114.8 MB.
System memory in use after: 112.2 MB.

Unloading 38 unused Assets to reduce memory usage. Loaded Objects now: 2914.
Total: 4.547900 ms (FindLiveObjects: 0.642300 ms CreateObjectMapping: 0.269000 ms MarkObjects: 2.304300 ms  DeleteObjects: 1.330700 ms)

AssetImportParameters requested are different than current active one (requested -> active):
  custom:graphics/normal-map-encoding: 01000000000000000000000000000000 -> 02000000000000000000000000000000
========================================================================
Received Prepare
Shader 'Universal Render Pipeline/Particles/Lit': fallback shader 'Universal Render Pipeline/Particles/SimpleLit' not found
Shader 'Universal Render Pipeline/Particles/Lit': fallback shader 'Universal Render Pipeline/Particles/SimpleLit' not found
Refreshing native plugins compatible for Editor in 1.11 ms, found 0 plugins.
Preloading 0 native plugins for Editor in 0.00 ms.
Unloading 36 Unused Serialized files (Serialized files now loaded: 0)
System memory in use before: 69.3 MB.
System memory in use after: 66.6 MB.

Unloading 36 unused Assets to reduce memory usage. Loaded Objects now: 2914.
Total: 4.166900 ms (FindLiveObjects: 0.302600 ms CreateObjectMapping: 0.130800 ms MarkObjects: 2.394000 ms  DeleteObjects: 1.338400 ms)

AssetImportWorkerClient::OnTransportError - code=2 error=End of file
